<?xml version="1.0" encoding="UTF-8"?>
<!-- Generated by org.testng.reporters.JUnitReportReporter -->
<testsuite hostname="INHYIZLP06494" name="rawSelenium.AddressBarActions" tests="1" failures="0" timestamp="10 Jan 2017 03:19:59 GMT" time="26.137" errors="0">
  <testcase name="testAllAdressBar" time="26.137" classname="rawSelenium.AddressBarActions"/>
</testsuite> <!-- rawSelenium.AddressBarActions -->
