<?xml version="1.0" encoding="UTF-8"?>
<!-- Generated by org.testng.reporters.JUnitReportReporter -->
<testsuite hostname="INHYIZLP06494" name="testNgPractice.UnderStandAnnotations" tests="2" failures="0" timestamp="27 Dec 2016 04:20:08 GMT" time="0.064" errors="0">
  <testcase name="m1" time="0.061" classname="testNgPractice.UnderStandAnnotations"/>
  <testcase name="m2" time="0.003" classname="testNgPractice.UnderStandAnnotations"/>
</testsuite> <!-- testNgPractice.UnderStandAnnotations -->
