<?xml version="1.0" encoding="UTF-8"?>
<!-- Generated by org.testng.reporters.JUnitReportReporter -->
<testsuite hostname="INHYIZLP06494" name="rawSelenium.DragAndDrop" tests="1" failures="0" timestamp="6 Jan 2017 04:42:21 GMT" time="22.292" errors="0">
  <testcase name="learncomplexactions" time="22.292" classname="rawSelenium.DragAndDrop"/>
</testsuite> <!-- rawSelenium.DragAndDrop -->
