<?xml version="1.0" encoding="UTF-8"?>
<!-- Generated by org.testng.reporters.JUnitReportReporter -->
<testsuite hostname="INHYIZLP06494" name="rawSelenium.DemoTest1" tests="1" failures="0" timestamp="29 Dec 2016 04:49:00 GMT" time="32.985" errors="0">
  <testcase name="f" time="32.985" classname="rawSelenium.DemoTest1"/>
</testsuite> <!-- rawSelenium.DemoTest1 -->
