<?xml version="1.0" encoding="UTF-8"?>
<!-- Generated by org.testng.reporters.JUnitReportReporter -->
<testsuite hostname="INHYIZLP06494" name="rawSelenium.ChildWindows" tests="1" failures="0" timestamp="6 Jan 2017 04:37:24 GMT" time="119.674" errors="0">
  <testcase name="learncomplexactions" time="119.674" classname="rawSelenium.ChildWindows"/>
</testsuite> <!-- rawSelenium.ChildWindows -->
