<?xml version="1.0" encoding="UTF-8"?>
<!-- Generated by org.testng.reporters.JUnitReportReporter -->
<testsuite hostname="INHYIZLP06494" name="FrameworkTestCases.TC002HYB" tests="1" failures="0" timestamp="12 Jan 2017 04:06:10 GMT" time="53.011" errors="0">
  <testcase name="learncomplexactions" time="53.011" classname="FrameworkTestCases.TC002HYB"/>
</testsuite> <!-- FrameworkTestCases.TC002HYB -->
