<?xml version="1.0" encoding="UTF-8"?>
<!-- Generated by org.testng.reporters.JUnitReportReporter -->
<testsuite hostname="INHYIZLP06494" name="rawSelenium.AdvancedSelenium" tests="1" failures="0" timestamp="5 Jan 2017 04:35:00 GMT" time="31.103" errors="0">
  <testcase name="f" time="31.103" classname="rawSelenium.AdvancedSelenium"/>
</testsuite> <!-- rawSelenium.AdvancedSelenium -->
