<?xml version="1.0" encoding="UTF-8"?>
<!-- Generated by org.testng.reporters.JUnitReportReporter -->
<testsuite hostname="INHYIZLP06494" name="FrameworkTestCases.TC001POM" tests="1" failures="0" timestamp="12 Jan 2017 03:28:23 GMT" time="65.830" errors="0">
  <testcase name="f" time="65.830" classname="FrameworkTestCases.TC001POM"/>
</testsuite> <!-- FrameworkTestCases.TC001POM -->
