<?xml version="1.0" encoding="UTF-8"?>
<!-- Generated by org.testng.reporters.JUnitReportReporter -->
<testsuite hostname="INHYIZLP06494" name="rawSelenium.FrameandSlider" tests="1" failures="0" timestamp="6 Jan 2017 04:13:03 GMT" time="40.305" errors="0">
  <testcase name="learncomplexactions" time="40.305" classname="rawSelenium.FrameandSlider"/>
</testsuite> <!-- rawSelenium.FrameandSlider -->
