<?xml version="1.0" encoding="UTF-8"?>
<!-- Generated by org.testng.reporters.JUnitReportReporter -->
<testsuite hostname="INHYIZLP06494" name="FrameworkTestCases.TC001" tests="1" failures="0" timestamp="10 Jan 2017 04:26:18 GMT" time="53.002" errors="0">
  <testcase name="f" time="53.002" classname="FrameworkTestCases.TC001"/>
</testsuite> <!-- FrameworkTestCases.TC001 -->
