<?xml version="1.0" encoding="UTF-8"?>
<!-- Generated by org.testng.reporters.JUnitReportReporter -->
<testsuite hostname="INHYIZLP06494" name="rawSelenium.RegisterNornamSeleniumActs" tests="1" failures="0" timestamp="5 Jan 2017 04:11:12 GMT" time="75.574" errors="0">
  <testcase name="f" time="75.574" classname="rawSelenium.RegisterNornamSeleniumActs"/>
</testsuite> <!-- rawSelenium.RegisterNornamSeleniumActs -->
